TOMCAT PROCESSID 25920
TOMCAT RUNNING
TOMCAT PROCESSID 25920
TOMCAT RUNNING
TOMCAT PROCESSID 25920
TOMCAT RUNNING
TOMCAT PROCESSID 25920
TOMCAT RUNNING
TOMCAT PROCESSID 25920
TOMCAT RUNNING
TOMCAT PROCESSID 25920
TOMCAT RUNNING
TOMCAT PROCESSID 25920
TOMCAT RUNNING
TOMCAT PROCESSID 25920
TOMCAT RUNNING
TOMCAT PROCESSID 25920
TOMCAT RUNNING
TOMCAT PROCESSID 25920
TOMCAT RUNNING
TOMCAT PROCESSID 25920
TOMCAT RUNNING
TOMCAT PROCESSID 25920
TOMCAT RUNNING
TOMCAT PROCESSID 25920
TOMCAT RUNNING
TOMCAT PROCESSID 25920
TOMCAT RUNNING
TOMCAT PROCESSID 25920
TOMCAT RUNNING
TOMCAT PROCESSID 25920
TOMCAT RUNNING
TOMCAT PROCESSID 25920
TOMCAT RUNNING
TOMCAT PROCESSID 25920
TOMCAT RUNNING
TOMCAT PROCESSID 25920
TOMCAT RUNNING
TOMCAT PROCESSID 2370
TOMCAT RUNNING
TOMCAT PROCESSID 2370
TOMCAT RUNNING
TOMCAT PROCESSID 2370
TOMCAT RUNNING
TOMCAT PROCESSID 2370
TOMCAT RUNNING
TOMCAT PROCESSID 2370
TOMCAT RUNNING
TOMCAT PROCESSID 2370
TOMCAT RUNNING
TOMCAT PROCESSID 2370
TOMCAT RUNNING
TOMCAT PROCESSID 2370
TOMCAT RUNNING
Killed
TOMCAT PROCESSID 8090
TOMCAT RUNNING
TOMCAT PROCESSID 8090
TOMCAT RUNNING
TOMCAT PROCESSID 8090
TOMCAT RUNNING
TOMCAT PROCESSID 8090
TOMCAT RUNNING
TOMCAT PROCESSID 8090
TOMCAT RUNNING
TOMCAT PROCESSID 8090
TOMCAT RUNNING
TOMCAT PROCESSID 8090
TOMCAT RUNNING
TOMCAT PROCESSID 8090
TOMCAT RUNNING
TOMCAT PROCESSID 8090
TOMCAT RUNNING
TOMCAT PROCESSID 8090
TOMCAT RUNNING
TOMCAT PROCESSID 8090
TOMCAT RUNNING
TOMCAT PROCESSID 8090
TOMCAT RUNNING
TOMCAT PROCESSID 8090
TOMCAT RUNNING
TOMCAT PROCESSID 8090
TOMCAT RUNNING
TOMCAT PROCESSID 8090
TOMCAT RUNNING
TOMCAT PROCESSID 8090
TOMCAT RUNNING
TOMCAT PROCESSID 8090
TOMCAT RUNNING
TOMCAT PROCESSID 8090
TOMCAT RUNNING
TOMCAT PROCESSID 8090
TOMCAT RUNNING
TOMCAT PROCESSID 8090
TOMCAT RUNNING
TOMCAT PROCESSID 8090
TOMCAT RUNNING
TOMCAT PROCESSID 8090
TOMCAT RUNNING
TOMCAT PROCESSID 8090
TOMCAT RUNNING
TOMCAT PROCESSID 8090
TOMCAT RUNNING
TOMCAT PROCESSID 8090
TOMCAT RUNNING
TOMCAT PROCESSID 8090
TOMCAT RUNNING
TOMCAT PROCESSID 8090
TOMCAT RUNNING
TOMCAT PROCESSID 8090
TOMCAT RUNNING
TOMCAT PROCESSID 8090
TOMCAT RUNNING
TOMCAT PROCESSID 8090
TOMCAT RUNNING
TOMCAT PROCESSID 8090
TOMCAT RUNNING
TOMCAT PROCESSID 8090
TOMCAT RUNNING
TOMCAT PROCESSID 8090
TOMCAT RUNNING
TOMCAT PROCESSID 8090
TOMCAT RUNNING
TOMCAT PROCESSID 8090
TOMCAT RUNNING
TOMCAT PROCESSID 8090
TOMCAT RUNNING
TOMCAT PROCESSID 8090
TOMCAT RUNNING
TOMCAT PROCESSID 8090
TOMCAT RUNNING
TOMCAT PROCESSID 8090
TOMCAT RUNNING
TOMCAT PROCESSID 8090
TOMCAT RUNNING
TOMCAT PROCESSID 8090
TOMCAT RUNNING
TOMCAT PROCESSID 8090
TOMCAT RUNNING
TOMCAT PROCESSID 8090
TOMCAT RUNNING
TOMCAT PROCESSID 8090
TOMCAT RUNNING
TOMCAT PROCESSID 8090
TOMCAT RUNNING
TOMCAT PROCESSID 8090
TOMCAT RUNNING
TOMCAT PROCESSID 8090
TOMCAT RUNNING
TOMCAT PROCESSID 8090
TOMCAT RUNNING
TOMCAT PROCESSID 8090
TOMCAT RUNNING
TOMCAT PROCESSID 8090
TOMCAT RUNNING
TOMCAT PROCESSID 8090
TOMCAT RUNNING
TOMCAT PROCESSID 8090
TOMCAT RUNNING
TOMCAT PROCESSID 8090
TOMCAT RUNNING
TOMCAT PROCESSID 8090
TOMCAT RUNNING
TOMCAT PROCESSID 8090
TOMCAT RUNNING
TOMCAT PROCESSID 8090
TOMCAT RUNNING
TOMCAT PROCESSID 8090
TOMCAT RUNNING
TOMCAT PROCESSID 8090
TOMCAT RUNNING
TOMCAT PROCESSID 8090
TOMCAT RUNNING
TOMCAT PROCESSID 8090
TOMCAT RUNNING
TOMCAT PROCESSID 8090
TOMCAT RUNNING
TOMCAT PROCESSID 8090
TOMCAT RUNNING
TOMCAT PROCESSID
TOMCAT NOT RUNNING
Nov 03, 2022 9:36:24 AM org.apache.catalina.startup.Catalina stopServer
SEVERE: Could not contact [localhost:[9005]]. Tomcat may not be running.
Nov 03, 2022 9:36:24 AM org.apache.catalina.startup.Catalina stopServer
SEVERE: Catalina.stop: 
java.net.ConnectException: Connection refused (Connection refused)
	at java.net.PlainSocketImpl.socketConnect(Native Method)
	at java.net.AbstractPlainSocketImpl.doConnect(AbstractPlainSocketImpl.java:350)
	at java.net.AbstractPlainSocketImpl.connectToAddress(AbstractPlainSocketImpl.java:206)
	at java.net.AbstractPlainSocketImpl.connect(AbstractPlainSocketImpl.java:188)
	at java.net.SocksSocketImpl.connect(SocksSocketImpl.java:392)
	at java.net.Socket.connect(Socket.java:589)
	at java.net.Socket.connect(Socket.java:538)
	at java.net.Socket.<init>(Socket.java:434)
	at java.net.Socket.<init>(Socket.java:211)
	at org.apache.catalina.startup.Catalina.stopServer(Catalina.java:498)
	at sun.reflect.NativeMethodAccessorImpl.invoke0(Native Method)
	at sun.reflect.NativeMethodAccessorImpl.invoke(NativeMethodAccessorImpl.java:62)
	at sun.reflect.DelegatingMethodAccessorImpl.invoke(DelegatingMethodAccessorImpl.java:43)
	at java.lang.reflect.Method.invoke(Method.java:498)
	at org.apache.catalina.startup.Bootstrap.stopServer(Bootstrap.java:403)
	at org.apache.catalina.startup.Bootstrap.main(Bootstrap.java:497)

Tomcat started.
TOMCAT PROCESSID 24174
TOMCAT RUNNING
TOMCAT PROCESSID 24174
TOMCAT RUNNING
TOMCAT PROCESSID 24174
TOMCAT RUNNING
TOMCAT PROCESSID 24174
TOMCAT RUNNING
TOMCAT PROCESSID 24174
TOMCAT RUNNING
TOMCAT PROCESSID 24174
TOMCAT RUNNING
TOMCAT PROCESSID 24174
TOMCAT RUNNING
TOMCAT PROCESSID 24174
TOMCAT RUNNING
TOMCAT PROCESSID 24174
TOMCAT RUNNING
TOMCAT PROCESSID 24174
TOMCAT RUNNING
TOMCAT PROCESSID 24174
TOMCAT RUNNING
TOMCAT PROCESSID 24174
TOMCAT RUNNING
TOMCAT PROCESSID 24174
TOMCAT RUNNING
TOMCAT PROCESSID 24174
TOMCAT RUNNING
TOMCAT PROCESSID 24174
TOMCAT RUNNING
TOMCAT PROCESSID 24174
TOMCAT RUNNING
TOMCAT PROCESSID 24174
TOMCAT RUNNING
