14-Jul-2023 08:31:39.926 INFO [main] org.apache.catalina.startup.VersionLoggerListener.log Server version:        Apache Tomcat/9.0.11
14-Jul-2023 08:31:39.935 INFO [main] org.apache.catalina.startup.VersionLoggerListener.log Server built:          Aug 11 2018 19:47:23 UTC
14-Jul-2023 08:31:39.936 INFO [main] org.apache.catalina.startup.VersionLoggerListener.log Server number:         9.0.11.0
14-Jul-2023 08:31:39.936 INFO [main] org.apache.catalina.startup.VersionLoggerListener.log OS Name:               Linux
14-Jul-2023 08:31:39.936 INFO [main] org.apache.catalina.startup.VersionLoggerListener.log OS Version:            3.13.0-57-generic
14-Jul-2023 08:31:39.936 INFO [main] org.apache.catalina.startup.VersionLoggerListener.log Architecture:          amd64
14-Jul-2023 08:31:39.936 INFO [main] org.apache.catalina.startup.VersionLoggerListener.log Java Home:             /usr/lib/jvm/java-8-oracle/jre
14-Jul-2023 08:31:39.936 INFO [main] org.apache.catalina.startup.VersionLoggerListener.log JVM Version:           1.8.0_181-b13
14-Jul-2023 08:31:39.937 INFO [main] org.apache.catalina.startup.VersionLoggerListener.log JVM Vendor:            Oracle Corporation
14-Jul-2023 08:31:39.937 INFO [main] org.apache.catalina.startup.VersionLoggerListener.log CATALINA_BASE:         /home/govind/dev/aprmarathon/jakarta-tomcat
14-Jul-2023 08:31:39.937 INFO [main] org.apache.catalina.startup.VersionLoggerListener.log CATALINA_HOME:         /home/govind/dev/aprmarathon/jakarta-tomcat
14-Jul-2023 08:31:39.937 INFO [main] org.apache.catalina.startup.VersionLoggerListener.log Command line argument: -Djava.util.logging.config.file=/home/govind/dev/aprmarathon/jakarta-tomcat/conf/logging.properties
14-Jul-2023 08:31:39.938 INFO [main] org.apache.catalina.startup.VersionLoggerListener.log Command line argument: -Djava.util.logging.manager=org.apache.juli.ClassLoaderLogManager
14-Jul-2023 08:31:39.938 INFO [main] org.apache.catalina.startup.VersionLoggerListener.log Command line argument: -Djava.awt.headless=true
14-Jul-2023 08:31:39.938 INFO [main] org.apache.catalina.startup.VersionLoggerListener.log Command line argument: -Djava.security.egd=file:/dev/./urandom
14-Jul-2023 08:31:39.938 INFO [main] org.apache.catalina.startup.VersionLoggerListener.log Command line argument: -Djdk.tls.ephemeralDHKeySize=2048
14-Jul-2023 08:31:39.938 INFO [main] org.apache.catalina.startup.VersionLoggerListener.log Command line argument: -Djava.protocol.handler.pkgs=org.apache.catalina.webresources
14-Jul-2023 08:31:39.938 INFO [main] org.apache.catalina.startup.VersionLoggerListener.log Command line argument: -Djava.security.properties=/etc/tomcat/fastersecurerandom.properties
14-Jul-2023 08:31:39.938 INFO [main] org.apache.catalina.startup.VersionLoggerListener.log Command line argument: -Dorg.apache.catalina.security.SecurityListener.UMASK=0027
14-Jul-2023 08:31:39.938 INFO [main] org.apache.catalina.startup.VersionLoggerListener.log Command line argument: -XX:MaxMetaspaceSize=256m
14-Jul-2023 08:31:39.938 INFO [main] org.apache.catalina.startup.VersionLoggerListener.log Command line argument: -XX:NewRatio=1
14-Jul-2023 08:31:39.938 INFO [main] org.apache.catalina.startup.VersionLoggerListener.log Command line argument: -XX:+UseStringCache
14-Jul-2023 08:31:39.939 INFO [main] org.apache.catalina.startup.VersionLoggerListener.log Command line argument: -XX:+OptimizeStringConcat
14-Jul-2023 08:31:39.939 INFO [main] org.apache.catalina.startup.VersionLoggerListener.log Command line argument: -XX:NativeMemoryTracking=summary
14-Jul-2023 08:31:39.939 INFO [main] org.apache.catalina.startup.VersionLoggerListener.log Command line argument: -XX:+UnlockDiagnosticVMOptions
14-Jul-2023 08:31:39.939 INFO [main] org.apache.catalina.startup.VersionLoggerListener.log Command line argument: -XX:-ResizePLAB
14-Jul-2023 08:31:39.939 INFO [main] org.apache.catalina.startup.VersionLoggerListener.log Command line argument: -XX:+DebugNonSafepoints
14-Jul-2023 08:31:39.939 INFO [main] org.apache.catalina.startup.VersionLoggerListener.log Command line argument: -XX:-UseAdaptiveSizePolicy
14-Jul-2023 08:31:39.939 INFO [main] org.apache.catalina.startup.VersionLoggerListener.log Command line argument: -XX:+UseStringDeduplication
14-Jul-2023 08:31:39.939 INFO [main] org.apache.catalina.startup.VersionLoggerListener.log Command line argument: -XX:+UnlockCommercialFeatures
14-Jul-2023 08:31:39.939 INFO [main] org.apache.catalina.startup.VersionLoggerListener.log Command line argument: -XX:+HeapDumpOnOutOfMemoryError
14-Jul-2023 08:31:39.939 INFO [main] org.apache.catalina.startup.VersionLoggerListener.log Command line argument: -XX:HeapDumpPath=/home/govind/dev/aprmarathon/jakarta-tomcat/logs/tomcatheap.hprof
14-Jul-2023 08:31:39.939 INFO [main] org.apache.catalina.startup.VersionLoggerListener.log Command line argument: -Xms512M
14-Jul-2023 08:31:39.940 INFO [main] org.apache.catalina.startup.VersionLoggerListener.log Command line argument: -Xmx2048M
14-Jul-2023 08:31:39.940 INFO [main] org.apache.catalina.startup.VersionLoggerListener.log Command line argument: -Dignore.endorsed.dirs=
14-Jul-2023 08:31:39.940 INFO [main] org.apache.catalina.startup.VersionLoggerListener.log Command line argument: -Dcatalina.base=/home/govind/dev/aprmarathon/jakarta-tomcat
14-Jul-2023 08:31:39.940 INFO [main] org.apache.catalina.startup.VersionLoggerListener.log Command line argument: -Dcatalina.home=/home/govind/dev/aprmarathon/jakarta-tomcat
14-Jul-2023 08:31:39.940 INFO [main] org.apache.catalina.startup.VersionLoggerListener.log Command line argument: -Djava.io.tmpdir=/home/govind/dev/aprmarathon/jakarta-tomcat/temp
14-Jul-2023 08:31:39.940 INFO [main] org.apache.catalina.core.AprLifecycleListener.lifecycleEvent The APR based Apache Tomcat Native library which allows optimal performance in production environments was not found on the java.library.path: [/usr/java/packages/lib/amd64:/usr/lib64:/lib64:/lib:/usr/lib]
14-Jul-2023 08:31:40.189 INFO [main] org.apache.coyote.AbstractProtocol.init Initializing ProtocolHandler ["http-nio-9002"]
14-Jul-2023 08:31:40.214 INFO [main] org.apache.tomcat.util.net.NioSelectorPool.getSharedSelector Using a shared selector for servlet write/read
14-Jul-2023 08:31:40.232 INFO [main] org.apache.coyote.AbstractProtocol.init Initializing ProtocolHandler ["ajp-nio-9009"]
14-Jul-2023 08:31:40.234 INFO [main] org.apache.tomcat.util.net.NioSelectorPool.getSharedSelector Using a shared selector for servlet write/read
14-Jul-2023 08:31:40.235 INFO [main] org.apache.catalina.startup.Catalina.load Initialization processed in 945 ms
14-Jul-2023 08:31:40.287 INFO [main] org.apache.catalina.core.StandardService.startInternal Starting service [Catalina]
14-Jul-2023 08:31:40.288 INFO [main] org.apache.catalina.core.StandardEngine.startInternal Starting Servlet Engine: Apache Tomcat/9.0.11
14-Jul-2023 08:31:40.303 INFO [main] org.apache.catalina.startup.HostConfig.deployDirectory Deploying web application directory [/home/govind/dev/aprmarathon/jakarta-tomcat/webapps/host-manager]
14-Jul-2023 08:31:40.770 INFO [main] org.apache.catalina.startup.HostConfig.deployDirectory Deployment of web application directory [/home/govind/dev/aprmarathon/jakarta-tomcat/webapps/host-manager] has finished in [467] ms
14-Jul-2023 08:31:40.770 INFO [main] org.apache.catalina.startup.HostConfig.deployDirectory Deploying web application directory [/home/govind/dev/aprmarathon/jakarta-tomcat/webapps/manager]
14-Jul-2023 08:31:40.801 INFO [main] org.apache.catalina.startup.HostConfig.deployDirectory Deployment of web application directory [/home/govind/dev/aprmarathon/jakarta-tomcat/webapps/manager] has finished in [30] ms
14-Jul-2023 08:31:40.801 INFO [main] org.apache.catalina.startup.HostConfig.deployDirectory Deploying web application directory [/home/govind/dev/aprmarathon/jakarta-tomcat/webapps/docs]
14-Jul-2023 08:31:40.821 INFO [main] org.apache.catalina.startup.HostConfig.deployDirectory Deployment of web application directory [/home/govind/dev/aprmarathon/jakarta-tomcat/webapps/docs] has finished in [20] ms
14-Jul-2023 08:31:40.821 INFO [main] org.apache.catalina.startup.HostConfig.deployDirectory Deploying web application directory [/home/govind/dev/aprmarathon/jakarta-tomcat/webapps/examples]
14-Jul-2023 08:31:41.188 INFO [main] org.apache.catalina.startup.HostConfig.deployDirectory Deployment of web application directory [/home/govind/dev/aprmarathon/jakarta-tomcat/webapps/examples] has finished in [367] ms
14-Jul-2023 08:31:41.189 INFO [main] org.apache.catalina.startup.HostConfig.deployDirectory Deploying web application directory [/home/govind/dev/aprmarathon/jakarta-tomcat/webapps/ROOT]
14-Jul-2023 08:31:41.213 INFO [main] org.apache.catalina.startup.HostConfig.deployDirectory Deployment of web application directory [/home/govind/dev/aprmarathon/jakarta-tomcat/webapps/ROOT] has finished in [25] ms
14-Jul-2023 08:31:41.213 INFO [main] org.apache.catalina.startup.HostConfig.deployDirectory Deploying web application directory [/home/govind/dev/aprmarathon/jakarta-tomcat/webapps/aprmarathon]
