15-Aug-2023 06:45:35.969 INFO [main] org.apache.catalina.startup.VersionLoggerListener.log Server version:        Apache Tomcat/9.0.11
15-Aug-2023 06:45:35.978 INFO [main] org.apache.catalina.startup.VersionLoggerListener.log Server built:          Aug 11 2018 19:47:23 UTC
15-Aug-2023 06:45:35.979 INFO [main] org.apache.catalina.startup.VersionLoggerListener.log Server number:         9.0.11.0
15-Aug-2023 06:45:35.979 INFO [main] org.apache.catalina.startup.VersionLoggerListener.log OS Name:               Linux
15-Aug-2023 06:45:35.979 INFO [main] org.apache.catalina.startup.VersionLoggerListener.log OS Version:            3.13.0-57-generic
15-Aug-2023 06:45:35.979 INFO [main] org.apache.catalina.startup.VersionLoggerListener.log Architecture:          amd64
15-Aug-2023 06:45:35.979 INFO [main] org.apache.catalina.startup.VersionLoggerListener.log Java Home:             /usr/lib/jvm/java-8-oracle/jre
15-Aug-2023 06:45:35.979 INFO [main] org.apache.catalina.startup.VersionLoggerListener.log JVM Version:           1.8.0_181-b13
15-Aug-2023 06:45:35.979 INFO [main] org.apache.catalina.startup.VersionLoggerListener.log JVM Vendor:            Oracle Corporation
15-Aug-2023 06:45:35.980 INFO [main] org.apache.catalina.startup.VersionLoggerListener.log CATALINA_BASE:         /home/govind/dev/aprmarathon/jakarta-tomcat
15-Aug-2023 06:45:35.980 INFO [main] org.apache.catalina.startup.VersionLoggerListener.log CATALINA_HOME:         /home/govind/dev/aprmarathon/jakarta-tomcat
15-Aug-2023 06:45:35.980 INFO [main] org.apache.catalina.startup.VersionLoggerListener.log Command line argument: -Djava.util.logging.config.file=/home/govind/dev/aprmarathon/jakarta-tomcat/conf/logging.properties
15-Aug-2023 06:45:35.980 INFO [main] org.apache.catalina.startup.VersionLoggerListener.log Command line argument: -Djava.util.logging.manager=org.apache.juli.ClassLoaderLogManager
15-Aug-2023 06:45:35.980 INFO [main] org.apache.catalina.startup.VersionLoggerListener.log Command line argument: -Djava.awt.headless=true
15-Aug-2023 06:45:35.980 INFO [main] org.apache.catalina.startup.VersionLoggerListener.log Command line argument: -Djava.security.egd=file:/dev/./urandom
15-Aug-2023 06:45:35.980 INFO [main] org.apache.catalina.startup.VersionLoggerListener.log Command line argument: -Djdk.tls.ephemeralDHKeySize=2048
15-Aug-2023 06:45:35.981 INFO [main] org.apache.catalina.startup.VersionLoggerListener.log Command line argument: -Djava.protocol.handler.pkgs=org.apache.catalina.webresources
15-Aug-2023 06:45:35.981 INFO [main] org.apache.catalina.startup.VersionLoggerListener.log Command line argument: -Djava.security.properties=/etc/tomcat/fastersecurerandom.properties
15-Aug-2023 06:45:35.981 INFO [main] org.apache.catalina.startup.VersionLoggerListener.log Command line argument: -Dorg.apache.catalina.security.SecurityListener.UMASK=0027
15-Aug-2023 06:45:35.981 INFO [main] org.apache.catalina.startup.VersionLoggerListener.log Command line argument: -XX:MaxMetaspaceSize=256m
15-Aug-2023 06:45:35.981 INFO [main] org.apache.catalina.startup.VersionLoggerListener.log Command line argument: -XX:NewRatio=1
15-Aug-2023 06:45:35.981 INFO [main] org.apache.catalina.startup.VersionLoggerListener.log Command line argument: -XX:+UseStringCache
15-Aug-2023 06:45:35.981 INFO [main] org.apache.catalina.startup.VersionLoggerListener.log Command line argument: -XX:+OptimizeStringConcat
15-Aug-2023 06:45:35.981 INFO [main] org.apache.catalina.startup.VersionLoggerListener.log Command line argument: -XX:NativeMemoryTracking=summary
15-Aug-2023 06:45:35.982 INFO [main] org.apache.catalina.startup.VersionLoggerListener.log Command line argument: -XX:+UnlockDiagnosticVMOptions
15-Aug-2023 06:45:35.982 INFO [main] org.apache.catalina.startup.VersionLoggerListener.log Command line argument: -XX:-ResizePLAB
15-Aug-2023 06:45:35.982 INFO [main] org.apache.catalina.startup.VersionLoggerListener.log Command line argument: -XX:+DebugNonSafepoints
15-Aug-2023 06:45:35.982 INFO [main] org.apache.catalina.startup.VersionLoggerListener.log Command line argument: -XX:-UseAdaptiveSizePolicy
15-Aug-2023 06:45:35.982 INFO [main] org.apache.catalina.startup.VersionLoggerListener.log Command line argument: -XX:+UseStringDeduplication
15-Aug-2023 06:45:35.982 INFO [main] org.apache.catalina.startup.VersionLoggerListener.log Command line argument: -XX:+UnlockCommercialFeatures
15-Aug-2023 06:45:35.982 INFO [main] org.apache.catalina.startup.VersionLoggerListener.log Command line argument: -XX:+HeapDumpOnOutOfMemoryError
15-Aug-2023 06:45:35.982 INFO [main] org.apache.catalina.startup.VersionLoggerListener.log Command line argument: -XX:HeapDumpPath=/home/govind/dev/aprmarathon/jakarta-tomcat/logs/tomcatheap.hprof
15-Aug-2023 06:45:35.983 INFO [main] org.apache.catalina.startup.VersionLoggerListener.log Command line argument: -Xms512M
15-Aug-2023 06:45:35.983 INFO [main] org.apache.catalina.startup.VersionLoggerListener.log Command line argument: -Xmx2048M
15-Aug-2023 06:45:35.983 INFO [main] org.apache.catalina.startup.VersionLoggerListener.log Command line argument: -Dignore.endorsed.dirs=
15-Aug-2023 06:45:35.983 INFO [main] org.apache.catalina.startup.VersionLoggerListener.log Command line argument: -Dcatalina.base=/home/govind/dev/aprmarathon/jakarta-tomcat
15-Aug-2023 06:45:35.983 INFO [main] org.apache.catalina.startup.VersionLoggerListener.log Command line argument: -Dcatalina.home=/home/govind/dev/aprmarathon/jakarta-tomcat
15-Aug-2023 06:45:35.983 INFO [main] org.apache.catalina.startup.VersionLoggerListener.log Command line argument: -Djava.io.tmpdir=/home/govind/dev/aprmarathon/jakarta-tomcat/temp
15-Aug-2023 06:45:35.983 INFO [main] org.apache.catalina.core.AprLifecycleListener.lifecycleEvent The APR based Apache Tomcat Native library which allows optimal performance in production environments was not found on the java.library.path: [/usr/java/packages/lib/amd64:/usr/lib64:/lib64:/lib:/usr/lib]
15-Aug-2023 06:45:36.207 INFO [main] org.apache.coyote.AbstractProtocol.init Initializing ProtocolHandler ["http-nio-9002"]
15-Aug-2023 06:45:36.233 INFO [main] org.apache.tomcat.util.net.NioSelectorPool.getSharedSelector Using a shared selector for servlet write/read
15-Aug-2023 06:45:36.251 INFO [main] org.apache.coyote.AbstractProtocol.init Initializing ProtocolHandler ["ajp-nio-9009"]
15-Aug-2023 06:45:36.252 INFO [main] org.apache.tomcat.util.net.NioSelectorPool.getSharedSelector Using a shared selector for servlet write/read
15-Aug-2023 06:45:36.253 INFO [main] org.apache.catalina.startup.Catalina.load Initialization processed in 841 ms
15-Aug-2023 06:45:36.290 INFO [main] org.apache.catalina.core.StandardService.startInternal Starting service [Catalina]
15-Aug-2023 06:45:36.291 INFO [main] org.apache.catalina.core.StandardEngine.startInternal Starting Servlet Engine: Apache Tomcat/9.0.11
15-Aug-2023 06:45:36.303 INFO [main] org.apache.catalina.startup.HostConfig.deployDirectory Deploying web application directory [/home/govind/dev/aprmarathon/jakarta-tomcat/webapps/host-manager]
15-Aug-2023 06:45:36.737 INFO [main] org.apache.catalina.startup.HostConfig.deployDirectory Deployment of web application directory [/home/govind/dev/aprmarathon/jakarta-tomcat/webapps/host-manager] has finished in [433] ms
15-Aug-2023 06:45:36.737 INFO [main] org.apache.catalina.startup.HostConfig.deployDirectory Deploying web application directory [/home/govind/dev/aprmarathon/jakarta-tomcat/webapps/manager]
15-Aug-2023 06:45:36.770 INFO [main] org.apache.catalina.startup.HostConfig.deployDirectory Deployment of web application directory [/home/govind/dev/aprmarathon/jakarta-tomcat/webapps/manager] has finished in [33] ms
15-Aug-2023 06:45:36.770 INFO [main] org.apache.catalina.startup.HostConfig.deployDirectory Deploying web application directory [/home/govind/dev/aprmarathon/jakarta-tomcat/webapps/docs]
15-Aug-2023 06:45:36.792 INFO [main] org.apache.catalina.startup.HostConfig.deployDirectory Deployment of web application directory [/home/govind/dev/aprmarathon/jakarta-tomcat/webapps/docs] has finished in [22] ms
15-Aug-2023 06:45:36.793 INFO [main] org.apache.catalina.startup.HostConfig.deployDirectory Deploying web application directory [/home/govind/dev/aprmarathon/jakarta-tomcat/webapps/examples]
15-Aug-2023 06:45:37.075 INFO [main] org.apache.catalina.startup.HostConfig.deployDirectory Deployment of web application directory [/home/govind/dev/aprmarathon/jakarta-tomcat/webapps/examples] has finished in [282] ms
15-Aug-2023 06:45:37.075 INFO [main] org.apache.catalina.startup.HostConfig.deployDirectory Deploying web application directory [/home/govind/dev/aprmarathon/jakarta-tomcat/webapps/ROOT]
15-Aug-2023 06:45:37.106 INFO [main] org.apache.catalina.startup.HostConfig.deployDirectory Deployment of web application directory [/home/govind/dev/aprmarathon/jakarta-tomcat/webapps/ROOT] has finished in [31] ms
15-Aug-2023 06:45:37.107 INFO [main] org.apache.catalina.startup.HostConfig.deployDirectory Deploying web application directory [/home/govind/dev/aprmarathon/jakarta-tomcat/webapps/aprmarathon]
